<?xml version="1.0" encoding="UTF-8"?>
<testsuite name="htwberlin.webtech.recipemanagementapp.service.RecipeServiceTest" tests="1" skipped="0" failures="0" errors="0" timestamp="2022-07-04T08:38:21" hostname="MacBook-Air-von-Leon.local" time="0.004">
  <properties/>
  <testcase name="should find recipe by ingredient id" classname="htwberlin.webtech.recipemanagementapp.service.RecipeServiceTest" time="0.004"/>
  <system-out><![CDATA[2022-07-04 10:38:21.437  INFO 84450 --- [    Test worker] .b.t.c.SpringBootTestContextBootstrapper : Neither @ContextConfiguration nor @ContextHierarchy found for test class [htwberlin.webtech.recipemanagementapp.service.RecipeServiceTest], using SpringBootContextLoader
2022-07-04 10:38:21.438  INFO 84450 --- [    Test worker] o.s.t.c.support.AbstractContextLoader    : Could not detect default resource locations for test class [htwberlin.webtech.recipemanagementapp.service.RecipeServiceTest]: no resource found for suffixes {-context.xml, Context.groovy}.
2022-07-04 10:38:21.438  INFO 84450 --- [    Test worker] t.c.s.AnnotationConfigContextLoaderUtils : Could not detect default configuration classes for test class [htwberlin.webtech.recipemanagementapp.service.RecipeServiceTest]: RecipeServiceTest does not declare any static, non-private, non-final, nested classes annotated with @Configuration.
2022-07-04 10:38:21.441  INFO 84450 --- [    Test worker] .b.t.c.SpringBootTestContextBootstrapper : Found @SpringBootConfiguration htwberlin.webtech.recipemanagementapp.RecipeManagementAppApplication for test class htwberlin.webtech.recipemanagementapp.service.RecipeServiceTest
2022-07-04 10:38:21.442  INFO 84450 --- [    Test worker] .b.t.c.SpringBootTestContextBootstrapper : Loaded default TestExecutionListener class names from location [META-INF/spring.factories]: [org.springframework.boot.test.autoconfigure.restdocs.RestDocsTestExecutionListener, org.springframework.boot.test.autoconfigure.web.client.MockRestServiceServerResetTestExecutionListener, org.springframework.boot.test.autoconfigure.web.servlet.MockMvcPrintOnlyOnFailureTestExecutionListener, org.springframework.boot.test.autoconfigure.web.servlet.WebDriverTestExecutionListener, org.springframework.boot.test.autoconfigure.webservices.client.MockWebServiceServerTestExecutionListener, org.springframework.boot.test.mock.mockito.MockitoTestExecutionListener, org.springframework.boot.test.mock.mockito.ResetMocksTestExecutionListener, org.springframework.test.context.web.ServletTestExecutionListener, org.springframework.test.context.support.DirtiesContextBeforeModesTestExecutionListener, org.springframework.test.context.event.ApplicationEventsTestExecutionListener, org.springframework.test.context.support.DependencyInjectionTestExecutionListener, org.springframework.test.context.support.DirtiesContextTestExecutionListener, org.springframework.test.context.transaction.TransactionalTestExecutionListener, org.springframework.test.context.jdbc.SqlScriptsTestExecutionListener, org.springframework.test.context.event.EventPublishingTestExecutionListener]
2022-07-04 10:38:21.442  INFO 84450 --- [    Test worker] .b.t.c.SpringBootTestContextBootstrapper : Using TestExecutionListeners: [org.springframework.test.context.web.ServletTestExecutionListener@6908674b, org.springframework.test.context.support.DirtiesContextBeforeModesTestExecutionListener@a3e458, org.springframework.test.context.event.ApplicationEventsTestExecutionListener@4b74a4d, org.springframework.boot.test.mock.mockito.MockitoTestExecutionListener@63df2eb8, org.springframework.boot.test.autoconfigure.SpringBootDependencyInjectionTestExecutionListener@49c72fb7, org.springframework.test.context.support.DirtiesContextTestExecutionListener@565983f3, org.springframework.test.context.transaction.TransactionalTestExecutionListener@68024e57, org.springframework.test.context.jdbc.SqlScriptsTestExecutionListener@72321701, org.springframework.test.context.event.EventPublishingTestExecutionListener@2f83467, org.springframework.boot.test.autoconfigure.restdocs.RestDocsTestExecutionListener@182469d0, org.springframework.boot.test.autoconfigure.web.client.MockRestServiceServerResetTestExecutionListener@62aefc75, org.springframework.boot.test.autoconfigure.web.servlet.MockMvcPrintOnlyOnFailureTestExecutionListener@c6653e, org.springframework.boot.test.autoconfigure.web.servlet.WebDriverTestExecutionListener@435e224d, org.springframework.boot.test.autoconfigure.webservices.client.MockWebServiceServerTestExecutionListener@788fa91f, org.springframework.boot.test.mock.mockito.ResetMocksTestExecutionListener@6dd7af2f]

  .   ____          _            __ _ _
 /\\ / ___'_ __ _ _(_)_ __  __ _ \ \ \ \
( ( )\___ | '_ | '_| | '_ \/ _` | \ \ \ \
 \\/  ___)| |_)| | | | | || (_| |  ) ) ) )
  '  |____| .__|_| |_|_| |_\__, | / / / /
 =========|_|==============|___/=/_/_/_/
 :: Spring Boot ::                (v2.6.6)

2022-07-04 10:38:21.453  INFO 84450 --- [    Test worker] h.w.r.service.RecipeServiceTest          : Starting RecipeServiceTest using Java 17.0.2 on MacBook-Air-von-Leon.local with PID 84450 (started by leonkorth in /Users/leonkorth/Documents/Uni/2022_HTW_SoSe_WI/WEBTECH/prog/recipe-management-app)
2022-07-04 10:38:21.453  INFO 84450 --- [    Test worker] h.w.r.service.RecipeServiceTest          : No active profile set, falling back to 1 default profile: "default"
2022-07-04 10:38:21.504  INFO 84450 --- [    Test worker] .s.d.r.c.RepositoryConfigurationDelegate : Bootstrapping Spring Data JPA repositories in DEFAULT mode.
2022-07-04 10:38:21.508  INFO 84450 --- [    Test worker] .s.d.r.c.RepositoryConfigurationDelegate : Finished Spring Data repository scanning in 4 ms. Found 3 JPA repository interfaces.
2022-07-04 10:38:21.564  INFO 84450 --- [    Test worker] com.zaxxer.hikari.HikariDataSource       : HikariPool-2 - Starting...
2022-07-04 10:38:21.565  INFO 84450 --- [    Test worker] com.zaxxer.hikari.HikariDataSource       : HikariPool-2 - Start completed.
2022-07-04 10:38:21.569  INFO 84450 --- [    Test worker] o.hibernate.jpa.internal.util.LogHelper  : HHH000204: Processing PersistenceUnitInfo [name: default]
2022-07-04 10:38:21.570  INFO 84450 --- [    Test worker] org.hibernate.dialect.Dialect            : HHH000400: Using dialect: org.hibernate.dialect.H2Dialect
2022-07-04 10:38:21.595  INFO 84450 --- [    Test worker] o.h.e.t.j.p.i.JtaPlatformInitiator       : HHH000490: Using JtaPlatform implementation: [org.hibernate.engine.transaction.jta.platform.internal.NoJtaPlatform]
2022-07-04 10:38:21.595  INFO 84450 --- [    Test worker] j.LocalContainerEntityManagerFactoryBean : Initialized JPA EntityManagerFactory for persistence unit 'default'
2022-07-04 10:38:21.633  WARN 84450 --- [    Test worker] JpaBaseConfiguration$JpaWebConfiguration : spring.jpa.open-in-view is enabled by default. Therefore, database queries may be performed during view rendering. Explicitly configure spring.jpa.open-in-view to disable this warning
2022-07-04 10:38:21.720  INFO 84450 --- [    Test worker] h.w.r.service.RecipeServiceTest          : Started RecipeServiceTest in 0.277 seconds (JVM running for 2.767)
]]></system-out>
  <system-err><![CDATA[]]></system-err>
</testsuite>
