<?xml version="1.0" encoding="UTF-8"?>
<testsuite name="htwberlin.webtech.recipemanagementapp.web.IngredientRestControllerTest" tests="3" skipped="0" failures="0" errors="0" timestamp="2022-07-02T13:14:47" hostname="MacBook-Air-von-Leon.local" time="0.082">
  <properties/>
  <testcase name="should return all ingredients in json format" classname="htwberlin.webtech.recipemanagementapp.web.IngredientRestControllerTest" time="0.047"/>
  <testcase name="should return 404 if ingredient is not found" classname="htwberlin.webtech.recipemanagementapp.web.IngredientRestControllerTest" time="0.005"/>
  <testcase name="should validate create ingredient request" classname="htwberlin.webtech.recipemanagementapp.web.IngredientRestControllerTest" time="0.029"/>
  <system-out><![CDATA[2022-07-02 15:14:47.432  INFO 52137 --- [    Test worker] .b.t.a.w.s.WebMvcTestContextBootstrapper : Neither @ContextConfiguration nor @ContextHierarchy found for test class [htwberlin.webtech.recipemanagementapp.web.IngredientRestControllerTest], using SpringBootContextLoader
2022-07-02 15:14:47.433  INFO 52137 --- [    Test worker] o.s.t.c.support.AbstractContextLoader    : Could not detect default resource locations for test class [htwberlin.webtech.recipemanagementapp.web.IngredientRestControllerTest]: no resource found for suffixes {-context.xml, Context.groovy}.
2022-07-02 15:14:47.433  INFO 52137 --- [    Test worker] t.c.s.AnnotationConfigContextLoaderUtils : Could not detect default configuration classes for test class [htwberlin.webtech.recipemanagementapp.web.IngredientRestControllerTest]: IngredientRestControllerTest does not declare any static, non-private, non-final, nested classes annotated with @Configuration.
2022-07-02 15:14:47.440  INFO 52137 --- [    Test worker] .b.t.c.SpringBootTestContextBootstrapper : Found @SpringBootConfiguration htwberlin.webtech.recipemanagementapp.RecipeManagementAppApplication for test class htwberlin.webtech.recipemanagementapp.web.IngredientRestControllerTest
2022-07-02 15:14:47.440  INFO 52137 --- [    Test worker] .b.t.a.w.s.WebMvcTestContextBootstrapper : Loaded default TestExecutionListener class names from location [META-INF/spring.factories]: [org.springframework.boot.test.autoconfigure.restdocs.RestDocsTestExecutionListener, org.springframework.boot.test.autoconfigure.web.client.MockRestServiceServerResetTestExecutionListener, org.springframework.boot.test.autoconfigure.web.servlet.MockMvcPrintOnlyOnFailureTestExecutionListener, org.springframework.boot.test.autoconfigure.web.servlet.WebDriverTestExecutionListener, org.springframework.boot.test.autoconfigure.webservices.client.MockWebServiceServerTestExecutionListener, org.springframework.boot.test.mock.mockito.MockitoTestExecutionListener, org.springframework.boot.test.mock.mockito.ResetMocksTestExecutionListener, org.springframework.test.context.web.ServletTestExecutionListener, org.springframework.test.context.support.DirtiesContextBeforeModesTestExecutionListener, org.springframework.test.context.event.ApplicationEventsTestExecutionListener, org.springframework.test.context.support.DependencyInjectionTestExecutionListener, org.springframework.test.context.support.DirtiesContextTestExecutionListener, org.springframework.test.context.transaction.TransactionalTestExecutionListener, org.springframework.test.context.jdbc.SqlScriptsTestExecutionListener, org.springframework.test.context.event.EventPublishingTestExecutionListener]
2022-07-02 15:14:47.440  INFO 52137 --- [    Test worker] .b.t.a.w.s.WebMvcTestContextBootstrapper : Using TestExecutionListeners: [org.springframework.test.context.web.ServletTestExecutionListener@14ecd835, org.springframework.test.context.support.DirtiesContextBeforeModesTestExecutionListener@19c578bf, org.springframework.test.context.event.ApplicationEventsTestExecutionListener@1eeb9e5c, org.springframework.boot.test.mock.mockito.MockitoTestExecutionListener@2cca7d3c, org.springframework.boot.test.autoconfigure.SpringBootDependencyInjectionTestExecutionListener@5e1535e0, org.springframework.test.context.support.DirtiesContextTestExecutionListener@6c27be1d, org.springframework.test.context.transaction.TransactionalTestExecutionListener@2e7cd4bb, org.springframework.test.context.jdbc.SqlScriptsTestExecutionListener@51a06fd5, org.springframework.test.context.event.EventPublishingTestExecutionListener@26edfa34, org.springframework.boot.test.autoconfigure.restdocs.RestDocsTestExecutionListener@776b7fa2, org.springframework.boot.test.autoconfigure.web.client.MockRestServiceServerResetTestExecutionListener@3f7aa4f8, org.springframework.boot.test.autoconfigure.web.servlet.MockMvcPrintOnlyOnFailureTestExecutionListener@6d76aa05, org.springframework.boot.test.autoconfigure.web.servlet.WebDriverTestExecutionListener@2403c1c5, org.springframework.boot.test.autoconfigure.webservices.client.MockWebServiceServerTestExecutionListener@8b93c88, org.springframework.boot.test.mock.mockito.ResetMocksTestExecutionListener@628e0403]

  .   ____          _            __ _ _
 /\\ / ___'_ __ _ _(_)_ __  __ _ \ \ \ \
( ( )\___ | '_ | '_| | '_ \/ _` | \ \ \ \
 \\/  ___)| |_)| | | | | || (_| |  ) ) ) )
  '  |____| .__|_| |_|_| |_\__, | / / / /
 =========|_|==============|___/=/_/_/_/
 :: Spring Boot ::                (v2.6.6)

2022-07-02 15:14:47.450  INFO 52137 --- [    Test worker] h.w.r.web.IngredientRestControllerTest   : Starting IngredientRestControllerTest using Java 17.0.2 on MacBook-Air-von-Leon.local with PID 52137 (started by leonkorth in /Users/leonkorth/Documents/Uni/2022_HTW_SoSe_WI/WEBTECH/prog/recipe-management-app)
2022-07-02 15:14:47.450  INFO 52137 --- [    Test worker] h.w.r.web.IngredientRestControllerTest   : No active profile set, falling back to 1 default profile: "default"
2022-07-02 15:14:47.558  INFO 52137 --- [    Test worker] o.s.b.t.m.w.SpringBootMockServletContext : Initializing Spring TestDispatcherServlet ''
2022-07-02 15:14:47.558  INFO 52137 --- [    Test worker] o.s.t.web.servlet.TestDispatcherServlet  : Initializing Servlet ''
2022-07-02 15:14:47.558  INFO 52137 --- [    Test worker] o.s.t.web.servlet.TestDispatcherServlet  : Completed initialization in 0 ms
2022-07-02 15:14:47.563  INFO 52137 --- [    Test worker] h.w.r.web.IngredientRestControllerTest   : Started IngredientRestControllerTest in 0.121 seconds (JVM running for 2.749)
2022-07-02 15:14:47.644  WARN 52137 --- [    Test worker] .w.s.m.s.DefaultHandlerExceptionResolver : Resolved [org.springframework.web.bind.MethodArgumentNotValidException: Validation failed for argument [0] in public htwberlin.webtech.recipemanagementapp.persistence.IngredientEntity htwberlin.webtech.recipemanagementapp.web.IngredientRestController.createIngredient(htwberlin.webtech.recipemanagementapp.persistence.IngredientEntity): [Field error in object 'ingredientEntity' on field 'name': rejected value [x]; codes [Size.ingredientEntity.name,Size.name,Size.java.lang.String,Size]; arguments [org.springframework.context.support.DefaultMessageSourceResolvable: codes [ingredientEntity.name,name]; arguments []; default message [name],30,3]; default message [please provide a name between 3 and 30 characters ]] ]
]]></system-out>
  <system-err><![CDATA[]]></system-err>
</testsuite>
