<?xml version="1.0" encoding="UTF-8"?>
<testsuite name="htwberlin.webtech.recipemanagementapp.RecipeManagementAppApplicationTests" tests="1" skipped="0" failures="0" errors="0" timestamp="2022-04-27T14:41:29" hostname="MacBook-Air-von-Leon.local" time="0.169">
  <properties/>
  <testcase name="contextLoads()" classname="htwberlin.webtech.recipemanagementapp.RecipeManagementAppApplicationTests" time="0.169"/>
  <system-out><![CDATA[16:41:28.590 [Test worker] DEBUG org.springframework.test.context.BootstrapUtils - Instantiating CacheAwareContextLoaderDelegate from class [org.springframework.test.context.cache.DefaultCacheAwareContextLoaderDelegate]
16:41:28.594 [Test worker] DEBUG org.springframework.test.context.BootstrapUtils - Instantiating BootstrapContext using constructor [public org.springframework.test.context.support.DefaultBootstrapContext(java.lang.Class,org.springframework.test.context.CacheAwareContextLoaderDelegate)]
16:41:28.607 [Test worker] DEBUG org.springframework.test.context.BootstrapUtils - Instantiating TestContextBootstrapper for test class [htwberlin.webtech.recipemanagementapp.RecipeManagementAppApplicationTests] from class [org.springframework.boot.test.context.SpringBootTestContextBootstrapper]
16:41:28.612 [Test worker] INFO org.springframework.boot.test.context.SpringBootTestContextBootstrapper - Neither @ContextConfiguration nor @ContextHierarchy found for test class [htwberlin.webtech.recipemanagementapp.RecipeManagementAppApplicationTests], using SpringBootContextLoader
16:41:28.613 [Test worker] DEBUG org.springframework.test.context.support.AbstractContextLoader - Did not detect default resource location for test class [htwberlin.webtech.recipemanagementapp.RecipeManagementAppApplicationTests]: class path resource [htwberlin/webtech/recipemanagementapp/RecipeManagementAppApplicationTests-context.xml] does not exist
16:41:28.614 [Test worker] DEBUG org.springframework.test.context.support.AbstractContextLoader - Did not detect default resource location for test class [htwberlin.webtech.recipemanagementapp.RecipeManagementAppApplicationTests]: class path resource [htwberlin/webtech/recipemanagementapp/RecipeManagementAppApplicationTestsContext.groovy] does not exist
16:41:28.614 [Test worker] INFO org.springframework.test.context.support.AbstractContextLoader - Could not detect default resource locations for test class [htwberlin.webtech.recipemanagementapp.RecipeManagementAppApplicationTests]: no resource found for suffixes {-context.xml, Context.groovy}.
16:41:28.614 [Test worker] INFO org.springframework.test.context.support.AnnotationConfigContextLoaderUtils - Could not detect default configuration classes for test class [htwberlin.webtech.recipemanagementapp.RecipeManagementAppApplicationTests]: RecipeManagementAppApplicationTests does not declare any static, non-private, non-final, nested classes annotated with @Configuration.
16:41:28.629 [Test worker] DEBUG org.springframework.test.context.support.ActiveProfilesUtils - Could not find an 'annotation declaring class' for annotation type [org.springframework.test.context.ActiveProfiles] and class [htwberlin.webtech.recipemanagementapp.RecipeManagementAppApplicationTests]
16:41:28.649 [Test worker] DEBUG org.springframework.context.annotation.ClassPathScanningCandidateComponentProvider - Identified candidate component class: file [/Users/leonkorth/Documents/Uni/2022_HTW_SoSe_WI/WEBTECH/prog/recipe-management-app/build/classes/java/main/htwberlin/webtech/recipemanagementapp/RecipeManagementAppApplication.class]
16:41:28.649 [Test worker] INFO org.springframework.boot.test.context.SpringBootTestContextBootstrapper - Found @SpringBootConfiguration htwberlin.webtech.recipemanagementapp.RecipeManagementAppApplication for test class htwberlin.webtech.recipemanagementapp.RecipeManagementAppApplicationTests
16:41:28.689 [Test worker] DEBUG org.springframework.boot.test.context.SpringBootTestContextBootstrapper - @TestExecutionListeners is not present for class [htwberlin.webtech.recipemanagementapp.RecipeManagementAppApplicationTests]: using defaults.
16:41:28.689 [Test worker] INFO org.springframework.boot.test.context.SpringBootTestContextBootstrapper - Loaded default TestExecutionListener class names from location [META-INF/spring.factories]: [org.springframework.boot.test.autoconfigure.restdocs.RestDocsTestExecutionListener, org.springframework.boot.test.autoconfigure.web.client.MockRestServiceServerResetTestExecutionListener, org.springframework.boot.test.autoconfigure.web.servlet.MockMvcPrintOnlyOnFailureTestExecutionListener, org.springframework.boot.test.autoconfigure.web.servlet.WebDriverTestExecutionListener, org.springframework.boot.test.autoconfigure.webservices.client.MockWebServiceServerTestExecutionListener, org.springframework.boot.test.mock.mockito.MockitoTestExecutionListener, org.springframework.boot.test.mock.mockito.ResetMocksTestExecutionListener, org.springframework.test.context.web.ServletTestExecutionListener, org.springframework.test.context.support.DirtiesContextBeforeModesTestExecutionListener, org.springframework.test.context.event.ApplicationEventsTestExecutionListener, org.springframework.test.context.support.DependencyInjectionTestExecutionListener, org.springframework.test.context.support.DirtiesContextTestExecutionListener, org.springframework.test.context.transaction.TransactionalTestExecutionListener, org.springframework.test.context.jdbc.SqlScriptsTestExecutionListener, org.springframework.test.context.event.EventPublishingTestExecutionListener]
16:41:28.694 [Test worker] DEBUG org.springframework.boot.test.context.SpringBootTestContextBootstrapper - Skipping candidate TestExecutionListener [org.springframework.test.context.transaction.TransactionalTestExecutionListener] due to a missing dependency. Specify custom listener classes or make the default listener classes and their required dependencies available. Offending class: [org/springframework/transaction/interceptor/TransactionAttributeSource]
16:41:28.694 [Test worker] DEBUG org.springframework.boot.test.context.SpringBootTestContextBootstrapper - Skipping candidate TestExecutionListener [org.springframework.test.context.jdbc.SqlScriptsTestExecutionListener] due to a missing dependency. Specify custom listener classes or make the default listener classes and their required dependencies available. Offending class: [org/springframework/transaction/interceptor/TransactionAttribute]
16:41:28.694 [Test worker] INFO org.springframework.boot.test.context.SpringBootTestContextBootstrapper - Using TestExecutionListeners: [org.springframework.test.context.web.ServletTestExecutionListener@a5bd950, org.springframework.test.context.support.DirtiesContextBeforeModesTestExecutionListener@4d18aa28, org.springframework.test.context.event.ApplicationEventsTestExecutionListener@75390459, org.springframework.boot.test.mock.mockito.MockitoTestExecutionListener@7756c3cd, org.springframework.boot.test.autoconfigure.SpringBootDependencyInjectionTestExecutionListener@2313052e, org.springframework.test.context.support.DirtiesContextTestExecutionListener@2bd2b28e, org.springframework.test.context.event.EventPublishingTestExecutionListener@16746061, org.springframework.boot.test.autoconfigure.restdocs.RestDocsTestExecutionListener@57fd91c9, org.springframework.boot.test.autoconfigure.web.client.MockRestServiceServerResetTestExecutionListener@6cfcd46d, org.springframework.boot.test.autoconfigure.web.servlet.MockMvcPrintOnlyOnFailureTestExecutionListener@52045dbe, org.springframework.boot.test.autoconfigure.web.servlet.WebDriverTestExecutionListener@674658f7, org.springframework.boot.test.autoconfigure.webservices.client.MockWebServiceServerTestExecutionListener@5c8eee0f, org.springframework.boot.test.mock.mockito.ResetMocksTestExecutionListener@565b064f]
16:41:28.696 [Test worker] DEBUG org.springframework.test.context.support.AbstractDirtiesContextTestExecutionListener - Before test class: context [DefaultTestContext@10c626be testClass = RecipeManagementAppApplicationTests, testInstance = [null], testMethod = [null], testException = [null], mergedContextConfiguration = [WebMergedContextConfiguration@2fc0cc3 testClass = RecipeManagementAppApplicationTests, locations = '{}', classes = '{class htwberlin.webtech.recipemanagementapp.RecipeManagementAppApplication}', contextInitializerClasses = '[]', activeProfiles = '{}', propertySourceLocations = '{}', propertySourceProperties = '{org.springframework.boot.test.context.SpringBootTestContextBootstrapper=true}', contextCustomizers = set[org.springframework.boot.test.autoconfigure.actuate.metrics.MetricsExportContextCustomizerFactory$DisableMetricExportContextCustomizer@41005828, org.springframework.boot.test.autoconfigure.properties.PropertyMappingContextCustomizer@0, org.springframework.boot.test.autoconfigure.web.servlet.WebDriverContextCustomizerFactory$Customizer@1bd39d3c, org.springframework.boot.test.context.filter.ExcludeFilterContextCustomizer@5454d35e, org.springframework.boot.test.json.DuplicateJsonObjectContextCustomizerFactory$DuplicateJsonObjectContextCustomizer@4ddbbdf8, org.springframework.boot.test.mock.mockito.MockitoContextCustomizer@0, org.springframework.boot.test.web.client.TestRestTemplateContextCustomizer@60410cd, org.springframework.boot.test.context.SpringBootTestArgs@1, org.springframework.boot.test.context.SpringBootTestWebEnvironment@6f4a47c7], resourceBasePath = 'src/main/webapp', contextLoader = 'org.springframework.boot.test.context.SpringBootContextLoader', parent = [null]], attributes = map['org.springframework.test.context.web.ServletTestExecutionListener.activateListener' -> true]], class annotated with @DirtiesContext [false] with mode [null].

  .   ____          _            __ _ _
 /\\ / ___'_ __ _ _(_)_ __  __ _ \ \ \ \
( ( )\___ | '_ | '_| | '_ \/ _` | \ \ \ \
 \\/  ___)| |_)| | | | | || (_| |  ) ) ) )
  '  |____| .__|_| |_|_| |_\__, | / / / /
 =========|_|==============|___/=/_/_/_/
 :: Spring Boot ::                (v2.6.6)

2022-04-27 16:41:28.959  INFO 70970 --- [    Test worker] .w.r.RecipeManagementAppApplicationTests : Starting RecipeManagementAppApplicationTests using Java 18 on MacBook-Air-von-Leon.local with PID 70970 (started by leonkorth in /Users/leonkorth/Documents/Uni/2022_HTW_SoSe_WI/WEBTECH/prog/recipe-management-app)
2022-04-27 16:41:28.960  INFO 70970 --- [    Test worker] .w.r.RecipeManagementAppApplicationTests : No active profile set, falling back to 1 default profile: "default"
2022-04-27 16:41:29.444  INFO 70970 --- [    Test worker] o.s.b.a.w.s.WelcomePageHandlerMapping    : Adding welcome page template: index
2022-04-27 16:41:29.529  INFO 70970 --- [    Test worker] .w.r.RecipeManagementAppApplicationTests : Started RecipeManagementAppApplicationTests in 0.819 seconds (JVM running for 1.277)
]]></system-out>
  <system-err><![CDATA[]]></system-err>
</testsuite>
