<?xml version="1.0" encoding="UTF-8"?>
<testsuite name="htwberlin.webtech.recipemanagementapp.RecipeManagementAppApplicationTests" tests="1" skipped="0" failures="0" errors="0" timestamp="2022-04-27T15:59:45" hostname="MacBook-Air-von-Leon.local" time="0.157">
  <properties/>
  <testcase name="contextLoads()" classname="htwberlin.webtech.recipemanagementapp.RecipeManagementAppApplicationTests" time="0.157"/>
  <system-out><![CDATA[17:59:44.595 [Test worker] DEBUG org.springframework.test.context.BootstrapUtils - Instantiating CacheAwareContextLoaderDelegate from class [org.springframework.test.context.cache.DefaultCacheAwareContextLoaderDelegate]
17:59:44.599 [Test worker] DEBUG org.springframework.test.context.BootstrapUtils - Instantiating BootstrapContext using constructor [public org.springframework.test.context.support.DefaultBootstrapContext(java.lang.Class,org.springframework.test.context.CacheAwareContextLoaderDelegate)]
17:59:44.611 [Test worker] DEBUG org.springframework.test.context.BootstrapUtils - Instantiating TestContextBootstrapper for test class [htwberlin.webtech.recipemanagementapp.RecipeManagementAppApplicationTests] from class [org.springframework.boot.test.context.SpringBootTestContextBootstrapper]
17:59:44.616 [Test worker] INFO org.springframework.boot.test.context.SpringBootTestContextBootstrapper - Neither @ContextConfiguration nor @ContextHierarchy found for test class [htwberlin.webtech.recipemanagementapp.RecipeManagementAppApplicationTests], using SpringBootContextLoader
17:59:44.617 [Test worker] DEBUG org.springframework.test.context.support.AbstractContextLoader - Did not detect default resource location for test class [htwberlin.webtech.recipemanagementapp.RecipeManagementAppApplicationTests]: class path resource [htwberlin/webtech/recipemanagementapp/RecipeManagementAppApplicationTests-context.xml] does not exist
17:59:44.617 [Test worker] DEBUG org.springframework.test.context.support.AbstractContextLoader - Did not detect default resource location for test class [htwberlin.webtech.recipemanagementapp.RecipeManagementAppApplicationTests]: class path resource [htwberlin/webtech/recipemanagementapp/RecipeManagementAppApplicationTestsContext.groovy] does not exist
17:59:44.617 [Test worker] INFO org.springframework.test.context.support.AbstractContextLoader - Could not detect default resource locations for test class [htwberlin.webtech.recipemanagementapp.RecipeManagementAppApplicationTests]: no resource found for suffixes {-context.xml, Context.groovy}.
17:59:44.617 [Test worker] INFO org.springframework.test.context.support.AnnotationConfigContextLoaderUtils - Could not detect default configuration classes for test class [htwberlin.webtech.recipemanagementapp.RecipeManagementAppApplicationTests]: RecipeManagementAppApplicationTests does not declare any static, non-private, non-final, nested classes annotated with @Configuration.
17:59:44.632 [Test worker] DEBUG org.springframework.test.context.support.ActiveProfilesUtils - Could not find an 'annotation declaring class' for annotation type [org.springframework.test.context.ActiveProfiles] and class [htwberlin.webtech.recipemanagementapp.RecipeManagementAppApplicationTests]
17:59:44.653 [Test worker] DEBUG org.springframework.context.annotation.ClassPathScanningCandidateComponentProvider - Identified candidate component class: file [/Users/leonkorth/Documents/Uni/2022_HTW_SoSe_WI/WEBTECH/prog/recipe-management-app/build/classes/java/main/htwberlin/webtech/recipemanagementapp/RecipeManagementAppApplication.class]
17:59:44.653 [Test worker] INFO org.springframework.boot.test.context.SpringBootTestContextBootstrapper - Found @SpringBootConfiguration htwberlin.webtech.recipemanagementapp.RecipeManagementAppApplication for test class htwberlin.webtech.recipemanagementapp.RecipeManagementAppApplicationTests
17:59:44.686 [Test worker] DEBUG org.springframework.boot.test.context.SpringBootTestContextBootstrapper - @TestExecutionListeners is not present for class [htwberlin.webtech.recipemanagementapp.RecipeManagementAppApplicationTests]: using defaults.
17:59:44.686 [Test worker] INFO org.springframework.boot.test.context.SpringBootTestContextBootstrapper - Loaded default TestExecutionListener class names from location [META-INF/spring.factories]: [org.springframework.boot.test.autoconfigure.restdocs.RestDocsTestExecutionListener, org.springframework.boot.test.autoconfigure.web.client.MockRestServiceServerResetTestExecutionListener, org.springframework.boot.test.autoconfigure.web.servlet.MockMvcPrintOnlyOnFailureTestExecutionListener, org.springframework.boot.test.autoconfigure.web.servlet.WebDriverTestExecutionListener, org.springframework.boot.test.autoconfigure.webservices.client.MockWebServiceServerTestExecutionListener, org.springframework.boot.test.mock.mockito.MockitoTestExecutionListener, org.springframework.boot.test.mock.mockito.ResetMocksTestExecutionListener, org.springframework.test.context.web.ServletTestExecutionListener, org.springframework.test.context.support.DirtiesContextBeforeModesTestExecutionListener, org.springframework.test.context.event.ApplicationEventsTestExecutionListener, org.springframework.test.context.support.DependencyInjectionTestExecutionListener, org.springframework.test.context.support.DirtiesContextTestExecutionListener, org.springframework.test.context.transaction.TransactionalTestExecutionListener, org.springframework.test.context.jdbc.SqlScriptsTestExecutionListener, org.springframework.test.context.event.EventPublishingTestExecutionListener]
17:59:44.691 [Test worker] DEBUG org.springframework.boot.test.context.SpringBootTestContextBootstrapper - Skipping candidate TestExecutionListener [org.springframework.test.context.transaction.TransactionalTestExecutionListener] due to a missing dependency. Specify custom listener classes or make the default listener classes and their required dependencies available. Offending class: [org/springframework/transaction/interceptor/TransactionAttributeSource]
17:59:44.691 [Test worker] DEBUG org.springframework.boot.test.context.SpringBootTestContextBootstrapper - Skipping candidate TestExecutionListener [org.springframework.test.context.jdbc.SqlScriptsTestExecutionListener] due to a missing dependency. Specify custom listener classes or make the default listener classes and their required dependencies available. Offending class: [org/springframework/transaction/interceptor/TransactionAttribute]
17:59:44.691 [Test worker] INFO org.springframework.boot.test.context.SpringBootTestContextBootstrapper - Using TestExecutionListeners: [org.springframework.test.context.web.ServletTestExecutionListener@2a3c96e3, org.springframework.test.context.support.DirtiesContextBeforeModesTestExecutionListener@15cafec7, org.springframework.test.context.event.ApplicationEventsTestExecutionListener@5b444398, org.springframework.boot.test.mock.mockito.MockitoTestExecutionListener@cb191ca, org.springframework.boot.test.autoconfigure.SpringBootDependencyInjectionTestExecutionListener@42f48531, org.springframework.test.context.support.DirtiesContextTestExecutionListener@a776e, org.springframework.test.context.event.EventPublishingTestExecutionListener@792bbc74, org.springframework.boot.test.autoconfigure.restdocs.RestDocsTestExecutionListener@79145d5a, org.springframework.boot.test.autoconfigure.web.client.MockRestServiceServerResetTestExecutionListener@1f2f9244, org.springframework.boot.test.autoconfigure.web.servlet.MockMvcPrintOnlyOnFailureTestExecutionListener@4c4d27c8, org.springframework.boot.test.autoconfigure.web.servlet.WebDriverTestExecutionListener@6821ea29, org.springframework.boot.test.autoconfigure.webservices.client.MockWebServiceServerTestExecutionListener@338494fa, org.springframework.boot.test.mock.mockito.ResetMocksTestExecutionListener@505a9d7c]
17:59:44.692 [Test worker] DEBUG org.springframework.test.context.support.AbstractDirtiesContextTestExecutionListener - Before test class: context [DefaultTestContext@726e5805 testClass = RecipeManagementAppApplicationTests, testInstance = [null], testMethod = [null], testException = [null], mergedContextConfiguration = [WebMergedContextConfiguration@40c80397 testClass = RecipeManagementAppApplicationTests, locations = '{}', classes = '{class htwberlin.webtech.recipemanagementapp.RecipeManagementAppApplication}', contextInitializerClasses = '[]', activeProfiles = '{}', propertySourceLocations = '{}', propertySourceProperties = '{org.springframework.boot.test.context.SpringBootTestContextBootstrapper=true}', contextCustomizers = set[org.springframework.boot.test.autoconfigure.actuate.metrics.MetricsExportContextCustomizerFactory$DisableMetricExportContextCustomizer@3f67593e, org.springframework.boot.test.autoconfigure.properties.PropertyMappingContextCustomizer@0, org.springframework.boot.test.autoconfigure.web.servlet.WebDriverContextCustomizerFactory$Customizer@600b9d27, org.springframework.boot.test.context.filter.ExcludeFilterContextCustomizer@345f69f3, org.springframework.boot.test.json.DuplicateJsonObjectContextCustomizerFactory$DuplicateJsonObjectContextCustomizer@1e8b7643, org.springframework.boot.test.mock.mockito.MockitoContextCustomizer@0, org.springframework.boot.test.web.client.TestRestTemplateContextCustomizer@1efe439d, org.springframework.boot.test.context.SpringBootTestArgs@1, org.springframework.boot.test.context.SpringBootTestWebEnvironment@65d09a04], resourceBasePath = 'src/main/webapp', contextLoader = 'org.springframework.boot.test.context.SpringBootContextLoader', parent = [null]], attributes = map['org.springframework.test.context.web.ServletTestExecutionListener.activateListener' -> true]], class annotated with @DirtiesContext [false] with mode [null].

  .   ____          _            __ _ _
 /\\ / ___'_ __ _ _(_)_ __  __ _ \ \ \ \
( ( )\___ | '_ | '_| | '_ \/ _` | \ \ \ \
 \\/  ___)| |_)| | | | | || (_| |  ) ) ) )
  '  |____| .__|_| |_|_| |_\__, | / / / /
 =========|_|==============|___/=/_/_/_/
 :: Spring Boot ::                (v2.6.6)

2022-04-27 17:59:44.942  INFO 72820 --- [    Test worker] .w.r.RecipeManagementAppApplicationTests : Starting RecipeManagementAppApplicationTests using Java 17.0.2 on MacBook-Air-von-Leon.local with PID 72820 (started by leonkorth in /Users/leonkorth/Documents/Uni/2022_HTW_SoSe_WI/WEBTECH/prog/recipe-management-app)
2022-04-27 17:59:44.943  INFO 72820 --- [    Test worker] .w.r.RecipeManagementAppApplicationTests : No active profile set, falling back to 1 default profile: "default"
2022-04-27 17:59:45.412  INFO 72820 --- [    Test worker] o.s.b.a.w.s.WelcomePageHandlerMapping    : Adding welcome page template: index
2022-04-27 17:59:45.491  INFO 72820 --- [    Test worker] .w.r.RecipeManagementAppApplicationTests : Started RecipeManagementAppApplicationTests in 0.785 seconds (JVM running for 1.207)
]]></system-out>
  <system-err><![CDATA[]]></system-err>
</testsuite>
