<?xml version="1.0" encoding="UTF-8"?>
<testsuite name="htwberlin.webtech.recipemanagementapp.service.RecipeServiceTest" tests="1" skipped="0" failures="0" errors="0" timestamp="2022-07-02T10:45:31" hostname="MacBook-Air-von-Leon.local" time="0.004">
  <properties/>
  <testcase name="should find recipe by ingredient id" classname="htwberlin.webtech.recipemanagementapp.service.RecipeServiceTest" time="0.004"/>
  <system-out><![CDATA[2022-07-02 12:45:30.967  INFO 48275 --- [    Test worker] .b.t.c.SpringBootTestContextBootstrapper : Neither @ContextConfiguration nor @ContextHierarchy found for test class [htwberlin.webtech.recipemanagementapp.service.RecipeServiceTest], using SpringBootContextLoader
2022-07-02 12:45:30.968  INFO 48275 --- [    Test worker] o.s.t.c.support.AbstractContextLoader    : Could not detect default resource locations for test class [htwberlin.webtech.recipemanagementapp.service.RecipeServiceTest]: no resource found for suffixes {-context.xml, Context.groovy}.
2022-07-02 12:45:30.968  INFO 48275 --- [    Test worker] t.c.s.AnnotationConfigContextLoaderUtils : Could not detect default configuration classes for test class [htwberlin.webtech.recipemanagementapp.service.RecipeServiceTest]: RecipeServiceTest does not declare any static, non-private, non-final, nested classes annotated with @Configuration.
2022-07-02 12:45:30.971  INFO 48275 --- [    Test worker] .b.t.c.SpringBootTestContextBootstrapper : Found @SpringBootConfiguration htwberlin.webtech.recipemanagementapp.RecipeManagementAppApplication for test class htwberlin.webtech.recipemanagementapp.service.RecipeServiceTest
2022-07-02 12:45:30.972  INFO 48275 --- [    Test worker] .b.t.c.SpringBootTestContextBootstrapper : Loaded default TestExecutionListener class names from location [META-INF/spring.factories]: [org.springframework.boot.test.autoconfigure.restdocs.RestDocsTestExecutionListener, org.springframework.boot.test.autoconfigure.web.client.MockRestServiceServerResetTestExecutionListener, org.springframework.boot.test.autoconfigure.web.servlet.MockMvcPrintOnlyOnFailureTestExecutionListener, org.springframework.boot.test.autoconfigure.web.servlet.WebDriverTestExecutionListener, org.springframework.boot.test.autoconfigure.webservices.client.MockWebServiceServerTestExecutionListener, org.springframework.boot.test.mock.mockito.MockitoTestExecutionListener, org.springframework.boot.test.mock.mockito.ResetMocksTestExecutionListener, org.springframework.test.context.web.ServletTestExecutionListener, org.springframework.test.context.support.DirtiesContextBeforeModesTestExecutionListener, org.springframework.test.context.event.ApplicationEventsTestExecutionListener, org.springframework.test.context.support.DependencyInjectionTestExecutionListener, org.springframework.test.context.support.DirtiesContextTestExecutionListener, org.springframework.test.context.transaction.TransactionalTestExecutionListener, org.springframework.test.context.jdbc.SqlScriptsTestExecutionListener, org.springframework.test.context.event.EventPublishingTestExecutionListener]
2022-07-02 12:45:30.972  INFO 48275 --- [    Test worker] .b.t.c.SpringBootTestContextBootstrapper : Using TestExecutionListeners: [org.springframework.test.context.web.ServletTestExecutionListener@581cb879, org.springframework.test.context.support.DirtiesContextBeforeModesTestExecutionListener@6a77953c, org.springframework.test.context.event.ApplicationEventsTestExecutionListener@1c294a17, org.springframework.boot.test.mock.mockito.MockitoTestExecutionListener@7a458c73, org.springframework.boot.test.autoconfigure.SpringBootDependencyInjectionTestExecutionListener@47a72c32, org.springframework.test.context.support.DirtiesContextTestExecutionListener@112f8f8f, org.springframework.test.context.transaction.TransactionalTestExecutionListener@4700064f, org.springframework.test.context.jdbc.SqlScriptsTestExecutionListener@11703cc8, org.springframework.test.context.event.EventPublishingTestExecutionListener@6fc84468, org.springframework.boot.test.autoconfigure.restdocs.RestDocsTestExecutionListener@2f6ede9, org.springframework.boot.test.autoconfigure.web.client.MockRestServiceServerResetTestExecutionListener@4583a186, org.springframework.boot.test.autoconfigure.web.servlet.MockMvcPrintOnlyOnFailureTestExecutionListener@55854382, org.springframework.boot.test.autoconfigure.web.servlet.WebDriverTestExecutionListener@7843b65e, org.springframework.boot.test.autoconfigure.webservices.client.MockWebServiceServerTestExecutionListener@4d6f951a, org.springframework.boot.test.mock.mockito.ResetMocksTestExecutionListener@15b882a0]

  .   ____          _            __ _ _
 /\\ / ___'_ __ _ _(_)_ __  __ _ \ \ \ \
( ( )\___ | '_ | '_| | '_ \/ _` | \ \ \ \
 \\/  ___)| |_)| | | | | || (_| |  ) ) ) )
  '  |____| .__|_| |_|_| |_\__, | / / / /
 =========|_|==============|___/=/_/_/_/
 :: Spring Boot ::                (v2.6.6)

2022-07-02 12:45:30.982  INFO 48275 --- [    Test worker] h.w.r.service.RecipeServiceTest          : Starting RecipeServiceTest using Java 17.0.2 on MacBook-Air-von-Leon.local with PID 48275 (started by leonkorth in /Users/leonkorth/Documents/Uni/2022_HTW_SoSe_WI/WEBTECH/prog/recipe-management-app)
2022-07-02 12:45:30.982  INFO 48275 --- [    Test worker] h.w.r.service.RecipeServiceTest          : No active profile set, falling back to 1 default profile: "default"
2022-07-02 12:45:31.024  INFO 48275 --- [    Test worker] .s.d.r.c.RepositoryConfigurationDelegate : Bootstrapping Spring Data JPA repositories in DEFAULT mode.
2022-07-02 12:45:31.028  INFO 48275 --- [    Test worker] .s.d.r.c.RepositoryConfigurationDelegate : Finished Spring Data repository scanning in 3 ms. Found 3 JPA repository interfaces.
2022-07-02 12:45:31.078  INFO 48275 --- [    Test worker] com.zaxxer.hikari.HikariDataSource       : HikariPool-2 - Starting...
2022-07-02 12:45:31.078  INFO 48275 --- [    Test worker] com.zaxxer.hikari.HikariDataSource       : HikariPool-2 - Start completed.
2022-07-02 12:45:31.082  INFO 48275 --- [    Test worker] o.hibernate.jpa.internal.util.LogHelper  : HHH000204: Processing PersistenceUnitInfo [name: default]
2022-07-02 12:45:31.084  INFO 48275 --- [    Test worker] org.hibernate.dialect.Dialect            : HHH000400: Using dialect: org.hibernate.dialect.H2Dialect
2022-07-02 12:45:31.109  INFO 48275 --- [    Test worker] o.h.e.t.j.p.i.JtaPlatformInitiator       : HHH000490: Using JtaPlatform implementation: [org.hibernate.engine.transaction.jta.platform.internal.NoJtaPlatform]
2022-07-02 12:45:31.109  INFO 48275 --- [    Test worker] j.LocalContainerEntityManagerFactoryBean : Initialized JPA EntityManagerFactory for persistence unit 'default'
2022-07-02 12:45:31.141  WARN 48275 --- [    Test worker] JpaBaseConfiguration$JpaWebConfiguration : spring.jpa.open-in-view is enabled by default. Therefore, database queries may be performed during view rendering. Explicitly configure spring.jpa.open-in-view to disable this warning
2022-07-02 12:45:31.223  INFO 48275 --- [    Test worker] h.w.r.service.RecipeServiceTest          : Started RecipeServiceTest in 0.25 seconds (JVM running for 2.548)
]]></system-out>
  <system-err><![CDATA[]]></system-err>
</testsuite>
