<?xml version="1.0" encoding="UTF-8"?>
<testsuite name="htwberlin.webtech.recipemanagementapp.web.IngredientRestControllerTest" tests="3" skipped="0" failures="0" errors="0" timestamp="2022-07-02T10:45:29" hostname="MacBook-Air-von-Leon.local" time="0.115">
  <properties/>
  <testcase name="should return all ingredients in json format" classname="htwberlin.webtech.recipemanagementapp.web.IngredientRestControllerTest" time="0.064"/>
  <testcase name="should return 404 if ingredient is not found" classname="htwberlin.webtech.recipemanagementapp.web.IngredientRestControllerTest" time="0.008"/>
  <testcase name="should validate create ingredient request" classname="htwberlin.webtech.recipemanagementapp.web.IngredientRestControllerTest" time="0.042"/>
  <system-out><![CDATA[12:45:29.026 [Test worker] DEBUG org.springframework.test.context.BootstrapUtils - Instantiating CacheAwareContextLoaderDelegate from class [org.springframework.test.context.cache.DefaultCacheAwareContextLoaderDelegate]
12:45:29.030 [Test worker] DEBUG org.springframework.test.context.BootstrapUtils - Instantiating BootstrapContext using constructor [public org.springframework.test.context.support.DefaultBootstrapContext(java.lang.Class,org.springframework.test.context.CacheAwareContextLoaderDelegate)]
12:45:29.049 [Test worker] DEBUG org.springframework.test.context.BootstrapUtils - Instantiating TestContextBootstrapper for test class [htwberlin.webtech.recipemanagementapp.web.IngredientRestControllerTest] from class [org.springframework.boot.test.autoconfigure.web.servlet.WebMvcTestContextBootstrapper]
12:45:29.056 [Test worker] INFO org.springframework.boot.test.autoconfigure.web.servlet.WebMvcTestContextBootstrapper - Neither @ContextConfiguration nor @ContextHierarchy found for test class [htwberlin.webtech.recipemanagementapp.web.IngredientRestControllerTest], using SpringBootContextLoader
12:45:29.057 [Test worker] DEBUG org.springframework.test.context.support.AbstractContextLoader - Did not detect default resource location for test class [htwberlin.webtech.recipemanagementapp.web.IngredientRestControllerTest]: class path resource [htwberlin/webtech/recipemanagementapp/web/IngredientRestControllerTest-context.xml] does not exist
12:45:29.058 [Test worker] DEBUG org.springframework.test.context.support.AbstractContextLoader - Did not detect default resource location for test class [htwberlin.webtech.recipemanagementapp.web.IngredientRestControllerTest]: class path resource [htwberlin/webtech/recipemanagementapp/web/IngredientRestControllerTestContext.groovy] does not exist
12:45:29.058 [Test worker] INFO org.springframework.test.context.support.AbstractContextLoader - Could not detect default resource locations for test class [htwberlin.webtech.recipemanagementapp.web.IngredientRestControllerTest]: no resource found for suffixes {-context.xml, Context.groovy}.
12:45:29.058 [Test worker] INFO org.springframework.test.context.support.AnnotationConfigContextLoaderUtils - Could not detect default configuration classes for test class [htwberlin.webtech.recipemanagementapp.web.IngredientRestControllerTest]: IngredientRestControllerTest does not declare any static, non-private, non-final, nested classes annotated with @Configuration.
12:45:29.085 [Test worker] DEBUG org.springframework.test.context.support.ActiveProfilesUtils - Could not find an 'annotation declaring class' for annotation type [org.springframework.test.context.ActiveProfiles] and class [htwberlin.webtech.recipemanagementapp.web.IngredientRestControllerTest]
12:45:29.116 [Test worker] DEBUG org.springframework.context.annotation.ClassPathScanningCandidateComponentProvider - Identified candidate component class: file [/Users/leonkorth/Documents/Uni/2022_HTW_SoSe_WI/WEBTECH/prog/recipe-management-app/build/classes/java/main/htwberlin/webtech/recipemanagementapp/RecipeManagementAppApplication.class]
12:45:29.116 [Test worker] INFO org.springframework.boot.test.context.SpringBootTestContextBootstrapper - Found @SpringBootConfiguration htwberlin.webtech.recipemanagementapp.RecipeManagementAppApplication for test class htwberlin.webtech.recipemanagementapp.web.IngredientRestControllerTest
12:45:29.117 [Test worker] DEBUG org.springframework.boot.test.autoconfigure.web.servlet.WebMvcTestContextBootstrapper - @TestExecutionListeners is not present for class [htwberlin.webtech.recipemanagementapp.web.IngredientRestControllerTest]: using defaults.
12:45:29.117 [Test worker] INFO org.springframework.boot.test.autoconfigure.web.servlet.WebMvcTestContextBootstrapper - Loaded default TestExecutionListener class names from location [META-INF/spring.factories]: [org.springframework.boot.test.autoconfigure.restdocs.RestDocsTestExecutionListener, org.springframework.boot.test.autoconfigure.web.client.MockRestServiceServerResetTestExecutionListener, org.springframework.boot.test.autoconfigure.web.servlet.MockMvcPrintOnlyOnFailureTestExecutionListener, org.springframework.boot.test.autoconfigure.web.servlet.WebDriverTestExecutionListener, org.springframework.boot.test.autoconfigure.webservices.client.MockWebServiceServerTestExecutionListener, org.springframework.boot.test.mock.mockito.MockitoTestExecutionListener, org.springframework.boot.test.mock.mockito.ResetMocksTestExecutionListener, org.springframework.test.context.web.ServletTestExecutionListener, org.springframework.test.context.support.DirtiesContextBeforeModesTestExecutionListener, org.springframework.test.context.event.ApplicationEventsTestExecutionListener, org.springframework.test.context.support.DependencyInjectionTestExecutionListener, org.springframework.test.context.support.DirtiesContextTestExecutionListener, org.springframework.test.context.transaction.TransactionalTestExecutionListener, org.springframework.test.context.jdbc.SqlScriptsTestExecutionListener, org.springframework.test.context.event.EventPublishingTestExecutionListener]
12:45:29.123 [Test worker] INFO org.springframework.boot.test.autoconfigure.web.servlet.WebMvcTestContextBootstrapper - Using TestExecutionListeners: [org.springframework.test.context.web.ServletTestExecutionListener@7e38a7fe, org.springframework.test.context.support.DirtiesContextBeforeModesTestExecutionListener@366ef90e, org.springframework.test.context.event.ApplicationEventsTestExecutionListener@33e01298, org.springframework.boot.test.mock.mockito.MockitoTestExecutionListener@31e75d13, org.springframework.boot.test.autoconfigure.SpringBootDependencyInjectionTestExecutionListener@a5b0b86, org.springframework.test.context.support.DirtiesContextTestExecutionListener@4b3c354a, org.springframework.test.context.transaction.TransactionalTestExecutionListener@78fb9a67, org.springframework.test.context.jdbc.SqlScriptsTestExecutionListener@73ff4fae, org.springframework.test.context.event.EventPublishingTestExecutionListener@21aa6d6c, org.springframework.boot.test.autoconfigure.restdocs.RestDocsTestExecutionListener@b968a76, org.springframework.boot.test.autoconfigure.web.client.MockRestServiceServerResetTestExecutionListener@2f9a01c1, org.springframework.boot.test.autoconfigure.web.servlet.MockMvcPrintOnlyOnFailureTestExecutionListener@2611b9a3, org.springframework.boot.test.autoconfigure.web.servlet.WebDriverTestExecutionListener@54227100, org.springframework.boot.test.autoconfigure.webservices.client.MockWebServiceServerTestExecutionListener@6b5894c8, org.springframework.boot.test.mock.mockito.ResetMocksTestExecutionListener@1433046b]
12:45:29.124 [Test worker] DEBUG org.springframework.test.context.support.AbstractDirtiesContextTestExecutionListener - Before test class: context [DefaultTestContext@62fad19 testClass = IngredientRestControllerTest, testInstance = [null], testMethod = [null], testException = [null], mergedContextConfiguration = [WebMergedContextConfiguration@47dbb1e2 testClass = IngredientRestControllerTest, locations = '{}', classes = '{class htwberlin.webtech.recipemanagementapp.RecipeManagementAppApplication}', contextInitializerClasses = '[]', activeProfiles = '{}', propertySourceLocations = '{}', propertySourceProperties = '{org.springframework.boot.test.autoconfigure.web.servlet.WebMvcTestContextBootstrapper=true}', contextCustomizers = set[org.springframework.boot.test.autoconfigure.OverrideAutoConfigurationContextCustomizerFactory$DisableAutoConfigurationContextCustomizer@44b3606b, org.springframework.boot.test.autoconfigure.actuate.metrics.MetricsExportContextCustomizerFactory$DisableMetricExportContextCustomizer@75cd8043, org.springframework.boot.test.autoconfigure.filter.TypeExcludeFiltersContextCustomizer@18d52298, org.springframework.boot.test.autoconfigure.properties.PropertyMappingContextCustomizer@d4a25eb0, org.springframework.boot.test.autoconfigure.web.servlet.WebDriverContextCustomizerFactory$Customizer@5b068087, [ImportsContextCustomizer@74cadd41 key = [org.springframework.boot.autoconfigure.cache.CacheAutoConfiguration, org.springframework.boot.autoconfigure.context.MessageSourceAutoConfiguration, org.springframework.boot.autoconfigure.data.web.SpringDataWebAutoConfiguration, org.springframework.boot.autoconfigure.freemarker.FreeMarkerAutoConfiguration, org.springframework.boot.autoconfigure.groovy.template.GroovyTemplateAutoConfiguration, org.springframework.boot.autoconfigure.gson.GsonAutoConfiguration, org.springframework.boot.autoconfigure.hateoas.HypermediaAutoConfiguration, org.springframework.boot.autoconfigure.http.HttpMessageConvertersAutoConfiguration, org.springframework.boot.autoconfigure.jackson.JacksonAutoConfiguration, org.springframework.boot.autoconfigure.jsonb.JsonbAutoConfiguration, org.springframework.boot.autoconfigure.mustache.MustacheAutoConfiguration, org.springframework.boot.autoconfigure.task.TaskExecutionAutoConfiguration, org.springframework.boot.autoconfigure.thymeleaf.ThymeleafAutoConfiguration, org.springframework.boot.autoconfigure.validation.ValidationAutoConfiguration, org.springframework.boot.autoconfigure.web.servlet.error.ErrorMvcAutoConfiguration, org.springframework.boot.autoconfigure.web.servlet.HttpEncodingAutoConfiguration, org.springframework.boot.autoconfigure.web.servlet.WebMvcAutoConfiguration, org.springframework.boot.test.autoconfigure.web.servlet.MockMvcAutoConfiguration, org.springframework.boot.test.autoconfigure.web.servlet.MockMvcWebClientAutoConfiguration, org.springframework.boot.test.autoconfigure.web.servlet.MockMvcWebDriverAutoConfiguration, org.springframework.boot.autoconfigure.security.oauth2.client.servlet.OAuth2ClientAutoConfiguration, org.springframework.boot.autoconfigure.security.oauth2.resource.servlet.OAuth2ResourceServerAutoConfiguration, org.springframework.boot.autoconfigure.security.servlet.SecurityAutoConfiguration, org.springframework.boot.autoconfigure.security.servlet.SecurityFilterAutoConfiguration, org.springframework.boot.autoconfigure.security.servlet.UserDetailsServiceAutoConfiguration, org.springframework.boot.test.autoconfigure.web.servlet.MockMvcSecurityConfiguration, org.springframework.boot.test.autoconfigure.web.reactive.WebTestClientAutoConfiguration]], org.springframework.boot.test.context.filter.ExcludeFilterContextCustomizer@2cc3ad05, org.springframework.boot.test.json.DuplicateJsonObjectContextCustomizerFactory$DuplicateJsonObjectContextCustomizer@3d9f6567, org.springframework.boot.test.mock.mockito.MockitoContextCustomizer@57308bd2, org.springframework.boot.test.context.SpringBootTestArgs@1, org.springframework.boot.test.context.SpringBootTestWebEnvironment@0], resourceBasePath = 'src/main/webapp', contextLoader = 'org.springframework.boot.test.context.SpringBootContextLoader', parent = [null]], attributes = map[[empty]]], class annotated with @DirtiesContext [false] with mode [null].

  .   ____          _            __ _ _
 /\\ / ___'_ __ _ _(_)_ __  __ _ \ \ \ \
( ( )\___ | '_ | '_| | '_ \/ _` | \ \ \ \
 \\/  ___)| |_)| | | | | || (_| |  ) ) ) )
  '  |____| .__|_| |_|_| |_\__, | / / / /
 =========|_|==============|___/=/_/_/_/
 :: Spring Boot ::                (v2.6.6)

2022-07-02 12:45:29.279  INFO 48275 --- [    Test worker] h.w.r.web.IngredientRestControllerTest   : Starting IngredientRestControllerTest using Java 17.0.2 on MacBook-Air-von-Leon.local with PID 48275 (started by leonkorth in /Users/leonkorth/Documents/Uni/2022_HTW_SoSe_WI/WEBTECH/prog/recipe-management-app)
2022-07-02 12:45:29.279  INFO 48275 --- [    Test worker] h.w.r.web.IngredientRestControllerTest   : No active profile set, falling back to 1 default profile: "default"
2022-07-02 12:45:29.862  INFO 48275 --- [    Test worker] o.s.b.t.m.w.SpringBootMockServletContext : Initializing Spring TestDispatcherServlet ''
2022-07-02 12:45:29.862  INFO 48275 --- [    Test worker] o.s.t.web.servlet.TestDispatcherServlet  : Initializing Servlet ''
2022-07-02 12:45:29.863  INFO 48275 --- [    Test worker] o.s.t.web.servlet.TestDispatcherServlet  : Completed initialization in 1 ms
2022-07-02 12:45:29.876  INFO 48275 --- [    Test worker] h.w.r.web.IngredientRestControllerTest   : Started IngredientRestControllerTest in 0.736 seconds (JVM running for 1.201)
2022-07-02 12:45:29.994  WARN 48275 --- [    Test worker] .w.s.m.s.DefaultHandlerExceptionResolver : Resolved [org.springframework.web.bind.MethodArgumentNotValidException: Validation failed for argument [0] in public htwberlin.webtech.recipemanagementapp.persistence.IngredientEntity htwberlin.webtech.recipemanagementapp.web.IngredientRestController.createIngredient(htwberlin.webtech.recipemanagementapp.persistence.IngredientEntity): [Field error in object 'ingredientEntity' on field 'name': rejected value [x]; codes [Size.ingredientEntity.name,Size.name,Size.java.lang.String,Size]; arguments [org.springframework.context.support.DefaultMessageSourceResolvable: codes [ingredientEntity.name,name]; arguments []; default message [name],30,3]; default message [please provide a name between 3 and 30 characters ]] ]
]]></system-out>
  <system-err><![CDATA[]]></system-err>
</testsuite>
