<?xml version="1.0" encoding="UTF-8"?>
<testsuite name="htwberlin.webtech.recipemanagementapp.service.IngredientServiceTest" tests="1" skipped="0" failures="0" errors="0" timestamp="2022-07-04T08:38:21" hostname="MacBook-Air-von-Leon.local" time="0.059">
  <properties/>
  <testcase name="should return false if ingredient doesnt exist" classname="htwberlin.webtech.recipemanagementapp.service.IngredientServiceTest" time="0.059"/>
  <system-out><![CDATA[]]></system-out>
  <system-err><![CDATA[]]></system-err>
</testsuite>
