<?xml version="1.0" encoding="UTF-8"?>
<testsuite name="htwberlin.webtech.recipemanagementapp.RecipeManagementAppApplicationTests" tests="1" skipped="0" failures="0" errors="0" timestamp="2022-07-02T10:45:30" hostname="MacBook-Air-von-Leon.local" time="0.001">
  <properties/>
  <testcase name="contextLoads()" classname="htwberlin.webtech.recipemanagementapp.RecipeManagementAppApplicationTests" time="0.001"/>
  <system-out><![CDATA[2022-07-02 12:45:29.997  INFO 48275 --- [    Test worker] .b.t.c.SpringBootTestContextBootstrapper : Neither @ContextConfiguration nor @ContextHierarchy found for test class [htwberlin.webtech.recipemanagementapp.RecipeManagementAppApplicationTests], using SpringBootContextLoader
2022-07-02 12:45:29.998  INFO 48275 --- [    Test worker] o.s.t.c.support.AbstractContextLoader    : Could not detect default resource locations for test class [htwberlin.webtech.recipemanagementapp.RecipeManagementAppApplicationTests]: no resource found for suffixes {-context.xml, Context.groovy}.
2022-07-02 12:45:29.998  INFO 48275 --- [    Test worker] t.c.s.AnnotationConfigContextLoaderUtils : Could not detect default configuration classes for test class [htwberlin.webtech.recipemanagementapp.RecipeManagementAppApplicationTests]: RecipeManagementAppApplicationTests does not declare any static, non-private, non-final, nested classes annotated with @Configuration.
2022-07-02 12:45:29.999  INFO 48275 --- [    Test worker] .b.t.c.SpringBootTestContextBootstrapper : Found @SpringBootConfiguration htwberlin.webtech.recipemanagementapp.RecipeManagementAppApplication for test class htwberlin.webtech.recipemanagementapp.RecipeManagementAppApplicationTests
2022-07-02 12:45:30.001  INFO 48275 --- [    Test worker] .b.t.c.SpringBootTestContextBootstrapper : Loaded default TestExecutionListener class names from location [META-INF/spring.factories]: [org.springframework.boot.test.autoconfigure.restdocs.RestDocsTestExecutionListener, org.springframework.boot.test.autoconfigure.web.client.MockRestServiceServerResetTestExecutionListener, org.springframework.boot.test.autoconfigure.web.servlet.MockMvcPrintOnlyOnFailureTestExecutionListener, org.springframework.boot.test.autoconfigure.web.servlet.WebDriverTestExecutionListener, org.springframework.boot.test.autoconfigure.webservices.client.MockWebServiceServerTestExecutionListener, org.springframework.boot.test.mock.mockito.MockitoTestExecutionListener, org.springframework.boot.test.mock.mockito.ResetMocksTestExecutionListener, org.springframework.test.context.web.ServletTestExecutionListener, org.springframework.test.context.support.DirtiesContextBeforeModesTestExecutionListener, org.springframework.test.context.event.ApplicationEventsTestExecutionListener, org.springframework.test.context.support.DependencyInjectionTestExecutionListener, org.springframework.test.context.support.DirtiesContextTestExecutionListener, org.springframework.test.context.transaction.TransactionalTestExecutionListener, org.springframework.test.context.jdbc.SqlScriptsTestExecutionListener, org.springframework.test.context.event.EventPublishingTestExecutionListener]
2022-07-02 12:45:30.001  INFO 48275 --- [    Test worker] .b.t.c.SpringBootTestContextBootstrapper : Using TestExecutionListeners: [org.springframework.test.context.web.ServletTestExecutionListener@12aa381f, org.springframework.test.context.support.DirtiesContextBeforeModesTestExecutionListener@6115846e, org.springframework.test.context.event.ApplicationEventsTestExecutionListener@1bec1589, org.springframework.boot.test.mock.mockito.MockitoTestExecutionListener@57f0bfc3, org.springframework.boot.test.autoconfigure.SpringBootDependencyInjectionTestExecutionListener@14590fe2, org.springframework.test.context.support.DirtiesContextTestExecutionListener@5922cff3, org.springframework.test.context.transaction.TransactionalTestExecutionListener@2299d903, org.springframework.test.context.jdbc.SqlScriptsTestExecutionListener@70c56434, org.springframework.test.context.event.EventPublishingTestExecutionListener@2c3f43d1, org.springframework.boot.test.autoconfigure.restdocs.RestDocsTestExecutionListener@632d4cf2, org.springframework.boot.test.autoconfigure.web.client.MockRestServiceServerResetTestExecutionListener@f10d055, org.springframework.boot.test.autoconfigure.web.servlet.MockMvcPrintOnlyOnFailureTestExecutionListener@542ff147, org.springframework.boot.test.autoconfigure.web.servlet.WebDriverTestExecutionListener@2d801d8, org.springframework.boot.test.autoconfigure.webservices.client.MockWebServiceServerTestExecutionListener@b9b97ad, org.springframework.boot.test.mock.mockito.ResetMocksTestExecutionListener@2807cf3]

  .   ____          _            __ _ _
 /\\ / ___'_ __ _ _(_)_ __  __ _ \ \ \ \
( ( )\___ | '_ | '_| | '_ \/ _` | \ \ \ \
 \\/  ___)| |_)| | | | | || (_| |  ) ) ) )
  '  |____| .__|_| |_|_| |_\__, | / / / /
 =========|_|==============|___/=/_/_/_/
 :: Spring Boot ::                (v2.6.6)

2022-07-02 12:45:30.011  INFO 48275 --- [    Test worker] .w.r.RecipeManagementAppApplicationTests : Starting RecipeManagementAppApplicationTests using Java 17.0.2 on MacBook-Air-von-Leon.local with PID 48275 (started by leonkorth in /Users/leonkorth/Documents/Uni/2022_HTW_SoSe_WI/WEBTECH/prog/recipe-management-app)
2022-07-02 12:45:30.011  INFO 48275 --- [    Test worker] .w.r.RecipeManagementAppApplicationTests : No active profile set, falling back to 1 default profile: "default"
2022-07-02 12:45:30.108  INFO 48275 --- [    Test worker] .s.d.r.c.RepositoryConfigurationDelegate : Bootstrapping Spring Data JPA repositories in DEFAULT mode.
2022-07-02 12:45:30.127  INFO 48275 --- [    Test worker] .s.d.r.c.RepositoryConfigurationDelegate : Finished Spring Data repository scanning in 16 ms. Found 3 JPA repository interfaces.
2022-07-02 12:45:30.224  INFO 48275 --- [    Test worker] com.zaxxer.hikari.HikariDataSource       : HikariPool-1 - Starting...
2022-07-02 12:45:30.310  INFO 48275 --- [    Test worker] com.zaxxer.hikari.HikariDataSource       : HikariPool-1 - Start completed.
2022-07-02 12:45:30.338  INFO 48275 --- [    Test worker] o.hibernate.jpa.internal.util.LogHelper  : HHH000204: Processing PersistenceUnitInfo [name: default]
2022-07-02 12:45:30.358  INFO 48275 --- [    Test worker] org.hibernate.Version                    : HHH000412: Hibernate ORM core version 5.6.7.Final
2022-07-02 12:45:30.372  INFO 48275 --- [    Test worker] o.hibernate.annotations.common.Version   : HCANN000001: Hibernate Commons Annotations {5.1.2.Final}
2022-07-02 12:45:30.414  INFO 48275 --- [    Test worker] org.hibernate.dialect.Dialect            : HHH000400: Using dialect: org.hibernate.dialect.H2Dialect
2022-07-02 12:45:30.602  INFO 48275 --- [    Test worker] o.h.e.t.j.p.i.JtaPlatformInitiator       : HHH000490: Using JtaPlatform implementation: [org.hibernate.engine.transaction.jta.platform.internal.NoJtaPlatform]
2022-07-02 12:45:30.605  INFO 48275 --- [    Test worker] j.LocalContainerEntityManagerFactoryBean : Initialized JPA EntityManagerFactory for persistence unit 'default'
2022-07-02 12:45:30.767  WARN 48275 --- [    Test worker] JpaBaseConfiguration$JpaWebConfiguration : spring.jpa.open-in-view is enabled by default. Therefore, database queries may be performed during view rendering. Explicitly configure spring.jpa.open-in-view to disable this warning
2022-07-02 12:45:30.904  INFO 48275 --- [    Test worker] .w.r.RecipeManagementAppApplicationTests : Started RecipeManagementAppApplicationTests in 0.902 seconds (JVM running for 2.229)
]]></system-out>
  <system-err><![CDATA[]]></system-err>
</testsuite>
