<?xml version="1.0" encoding="UTF-8"?>
<testsuite name="htwberlin.webtech.recipemanagementapp.service.RecipeServiceTest" tests="1" skipped="0" failures="0" errors="0" timestamp="2022-07-02T13:14:47" hostname="MacBook-Air-von-Leon.local" time="0.004">
  <properties/>
  <testcase name="should find recipe by ingredient id" classname="htwberlin.webtech.recipemanagementapp.service.RecipeServiceTest" time="0.004"/>
  <system-out><![CDATA[2022-07-02 15:14:47.093  INFO 52137 --- [    Test worker] .b.t.c.SpringBootTestContextBootstrapper : Neither @ContextConfiguration nor @ContextHierarchy found for test class [htwberlin.webtech.recipemanagementapp.service.RecipeServiceTest], using SpringBootContextLoader
2022-07-02 15:14:47.094  INFO 52137 --- [    Test worker] o.s.t.c.support.AbstractContextLoader    : Could not detect default resource locations for test class [htwberlin.webtech.recipemanagementapp.service.RecipeServiceTest]: no resource found for suffixes {-context.xml, Context.groovy}.
2022-07-02 15:14:47.094  INFO 52137 --- [    Test worker] t.c.s.AnnotationConfigContextLoaderUtils : Could not detect default configuration classes for test class [htwberlin.webtech.recipemanagementapp.service.RecipeServiceTest]: RecipeServiceTest does not declare any static, non-private, non-final, nested classes annotated with @Configuration.
2022-07-02 15:14:47.098  INFO 52137 --- [    Test worker] .b.t.c.SpringBootTestContextBootstrapper : Found @SpringBootConfiguration htwberlin.webtech.recipemanagementapp.RecipeManagementAppApplication for test class htwberlin.webtech.recipemanagementapp.service.RecipeServiceTest
2022-07-02 15:14:47.099  INFO 52137 --- [    Test worker] .b.t.c.SpringBootTestContextBootstrapper : Loaded default TestExecutionListener class names from location [META-INF/spring.factories]: [org.springframework.boot.test.autoconfigure.restdocs.RestDocsTestExecutionListener, org.springframework.boot.test.autoconfigure.web.client.MockRestServiceServerResetTestExecutionListener, org.springframework.boot.test.autoconfigure.web.servlet.MockMvcPrintOnlyOnFailureTestExecutionListener, org.springframework.boot.test.autoconfigure.web.servlet.WebDriverTestExecutionListener, org.springframework.boot.test.autoconfigure.webservices.client.MockWebServiceServerTestExecutionListener, org.springframework.boot.test.mock.mockito.MockitoTestExecutionListener, org.springframework.boot.test.mock.mockito.ResetMocksTestExecutionListener, org.springframework.test.context.web.ServletTestExecutionListener, org.springframework.test.context.support.DirtiesContextBeforeModesTestExecutionListener, org.springframework.test.context.event.ApplicationEventsTestExecutionListener, org.springframework.test.context.support.DependencyInjectionTestExecutionListener, org.springframework.test.context.support.DirtiesContextTestExecutionListener, org.springframework.test.context.transaction.TransactionalTestExecutionListener, org.springframework.test.context.jdbc.SqlScriptsTestExecutionListener, org.springframework.test.context.event.EventPublishingTestExecutionListener]
2022-07-02 15:14:47.099  INFO 52137 --- [    Test worker] .b.t.c.SpringBootTestContextBootstrapper : Using TestExecutionListeners: [org.springframework.test.context.web.ServletTestExecutionListener@6dd7af2f, org.springframework.test.context.support.DirtiesContextBeforeModesTestExecutionListener@5e8bc83e, org.springframework.test.context.event.ApplicationEventsTestExecutionListener@6c75c5e8, org.springframework.boot.test.mock.mockito.MockitoTestExecutionListener@69374e28, org.springframework.boot.test.autoconfigure.SpringBootDependencyInjectionTestExecutionListener@39c93af6, org.springframework.test.context.support.DirtiesContextTestExecutionListener@3903cfc9, org.springframework.test.context.transaction.TransactionalTestExecutionListener@7b1b1784, org.springframework.test.context.jdbc.SqlScriptsTestExecutionListener@288e50c1, org.springframework.test.context.event.EventPublishingTestExecutionListener@58e0d1ac, org.springframework.boot.test.autoconfigure.restdocs.RestDocsTestExecutionListener@7fba30fe, org.springframework.boot.test.autoconfigure.web.client.MockRestServiceServerResetTestExecutionListener@5cbebfba, org.springframework.boot.test.autoconfigure.web.servlet.MockMvcPrintOnlyOnFailureTestExecutionListener@66ce4b4, org.springframework.boot.test.autoconfigure.web.servlet.WebDriverTestExecutionListener@58df2864, org.springframework.boot.test.autoconfigure.webservices.client.MockWebServiceServerTestExecutionListener@76ccde41, org.springframework.boot.test.mock.mockito.ResetMocksTestExecutionListener@5f26fc4d]

  .   ____          _            __ _ _
 /\\ / ___'_ __ _ _(_)_ __  __ _ \ \ \ \
( ( )\___ | '_ | '_| | '_ \/ _` | \ \ \ \
 \\/  ___)| |_)| | | | | || (_| |  ) ) ) )
  '  |____| .__|_| |_|_| |_\__, | / / / /
 =========|_|==============|___/=/_/_/_/
 :: Spring Boot ::                (v2.6.6)

2022-07-02 15:14:47.111  INFO 52137 --- [    Test worker] h.w.r.service.RecipeServiceTest          : Starting RecipeServiceTest using Java 17.0.2 on MacBook-Air-von-Leon.local with PID 52137 (started by leonkorth in /Users/leonkorth/Documents/Uni/2022_HTW_SoSe_WI/WEBTECH/prog/recipe-management-app)
2022-07-02 15:14:47.112  INFO 52137 --- [    Test worker] h.w.r.service.RecipeServiceTest          : No active profile set, falling back to 1 default profile: "default"
2022-07-02 15:14:47.183  INFO 52137 --- [    Test worker] .s.d.r.c.RepositoryConfigurationDelegate : Bootstrapping Spring Data JPA repositories in DEFAULT mode.
2022-07-02 15:14:47.190  INFO 52137 --- [    Test worker] .s.d.r.c.RepositoryConfigurationDelegate : Finished Spring Data repository scanning in 6 ms. Found 3 JPA repository interfaces.
2022-07-02 15:14:47.248  INFO 52137 --- [    Test worker] com.zaxxer.hikari.HikariDataSource       : HikariPool-2 - Starting...
2022-07-02 15:14:47.249  INFO 52137 --- [    Test worker] com.zaxxer.hikari.HikariDataSource       : HikariPool-2 - Start completed.
2022-07-02 15:14:47.253  INFO 52137 --- [    Test worker] o.hibernate.jpa.internal.util.LogHelper  : HHH000204: Processing PersistenceUnitInfo [name: default]
2022-07-02 15:14:47.255  INFO 52137 --- [    Test worker] org.hibernate.dialect.Dialect            : HHH000400: Using dialect: org.hibernate.dialect.H2Dialect
2022-07-02 15:14:47.289  INFO 52137 --- [    Test worker] o.h.e.t.j.p.i.JtaPlatformInitiator       : HHH000490: Using JtaPlatform implementation: [org.hibernate.engine.transaction.jta.platform.internal.NoJtaPlatform]
2022-07-02 15:14:47.289  INFO 52137 --- [    Test worker] j.LocalContainerEntityManagerFactoryBean : Initialized JPA EntityManagerFactory for persistence unit 'default'
2022-07-02 15:14:47.330  WARN 52137 --- [    Test worker] JpaBaseConfiguration$JpaWebConfiguration : spring.jpa.open-in-view is enabled by default. Therefore, database queries may be performed during view rendering. Explicitly configure spring.jpa.open-in-view to disable this warning
2022-07-02 15:14:47.424  INFO 52137 --- [    Test worker] h.w.r.service.RecipeServiceTest          : Started RecipeServiceTest in 0.324 seconds (JVM running for 2.61)
]]></system-out>
  <system-err><![CDATA[]]></system-err>
</testsuite>
