<?xml version="1.0" encoding="UTF-8"?>
<testsuite name="htwberlin.webtech.recipemanagementapp.web.RecipeRestControllerTest" tests="3" skipped="0" failures="0" errors="0" timestamp="2022-07-02T13:14:47" hostname="MacBook-Air-von-Leon.local" time="0.019">
  <properties/>
  <testcase name="should validate create recipe request" classname="htwberlin.webtech.recipemanagementapp.web.RecipeRestControllerTest" time="0.01"/>
  <testcase name="should return 404 if recipe is not found" classname="htwberlin.webtech.recipemanagementapp.web.RecipeRestControllerTest" time="0.003"/>
  <testcase name="should return all recipes in json format" classname="htwberlin.webtech.recipemanagementapp.web.RecipeRestControllerTest" time="0.004"/>
  <system-out><![CDATA[2022-07-02 15:14:47.647  INFO 52137 --- [    Test worker] .b.t.a.w.s.WebMvcTestContextBootstrapper : Neither @ContextConfiguration nor @ContextHierarchy found for test class [htwberlin.webtech.recipemanagementapp.web.RecipeRestControllerTest], using SpringBootContextLoader
2022-07-02 15:14:47.647  INFO 52137 --- [    Test worker] o.s.t.c.support.AbstractContextLoader    : Could not detect default resource locations for test class [htwberlin.webtech.recipemanagementapp.web.RecipeRestControllerTest]: no resource found for suffixes {-context.xml, Context.groovy}.
2022-07-02 15:14:47.647  INFO 52137 --- [    Test worker] t.c.s.AnnotationConfigContextLoaderUtils : Could not detect default configuration classes for test class [htwberlin.webtech.recipemanagementapp.web.RecipeRestControllerTest]: RecipeRestControllerTest does not declare any static, non-private, non-final, nested classes annotated with @Configuration.
2022-07-02 15:14:47.648  INFO 52137 --- [    Test worker] .b.t.c.SpringBootTestContextBootstrapper : Found @SpringBootConfiguration htwberlin.webtech.recipemanagementapp.RecipeManagementAppApplication for test class htwberlin.webtech.recipemanagementapp.web.RecipeRestControllerTest
2022-07-02 15:14:47.649  INFO 52137 --- [    Test worker] .b.t.a.w.s.WebMvcTestContextBootstrapper : Loaded default TestExecutionListener class names from location [META-INF/spring.factories]: [org.springframework.boot.test.autoconfigure.restdocs.RestDocsTestExecutionListener, org.springframework.boot.test.autoconfigure.web.client.MockRestServiceServerResetTestExecutionListener, org.springframework.boot.test.autoconfigure.web.servlet.MockMvcPrintOnlyOnFailureTestExecutionListener, org.springframework.boot.test.autoconfigure.web.servlet.WebDriverTestExecutionListener, org.springframework.boot.test.autoconfigure.webservices.client.MockWebServiceServerTestExecutionListener, org.springframework.boot.test.mock.mockito.MockitoTestExecutionListener, org.springframework.boot.test.mock.mockito.ResetMocksTestExecutionListener, org.springframework.test.context.web.ServletTestExecutionListener, org.springframework.test.context.support.DirtiesContextBeforeModesTestExecutionListener, org.springframework.test.context.event.ApplicationEventsTestExecutionListener, org.springframework.test.context.support.DependencyInjectionTestExecutionListener, org.springframework.test.context.support.DirtiesContextTestExecutionListener, org.springframework.test.context.transaction.TransactionalTestExecutionListener, org.springframework.test.context.jdbc.SqlScriptsTestExecutionListener, org.springframework.test.context.event.EventPublishingTestExecutionListener]
2022-07-02 15:14:47.649  INFO 52137 --- [    Test worker] .b.t.a.w.s.WebMvcTestContextBootstrapper : Using TestExecutionListeners: [org.springframework.test.context.web.ServletTestExecutionListener@2298d741, org.springframework.test.context.support.DirtiesContextBeforeModesTestExecutionListener@34a48013, org.springframework.test.context.event.ApplicationEventsTestExecutionListener@50e7d8ba, org.springframework.boot.test.mock.mockito.MockitoTestExecutionListener@210e4678, org.springframework.boot.test.autoconfigure.SpringBootDependencyInjectionTestExecutionListener@4548bfc7, org.springframework.test.context.support.DirtiesContextTestExecutionListener@557c0b65, org.springframework.test.context.transaction.TransactionalTestExecutionListener@3b303b78, org.springframework.test.context.jdbc.SqlScriptsTestExecutionListener@685e97e0, org.springframework.test.context.event.EventPublishingTestExecutionListener@68e8bbab, org.springframework.boot.test.autoconfigure.restdocs.RestDocsTestExecutionListener@5dfaa2f0, org.springframework.boot.test.autoconfigure.web.client.MockRestServiceServerResetTestExecutionListener@672ba9cc, org.springframework.boot.test.autoconfigure.web.servlet.MockMvcPrintOnlyOnFailureTestExecutionListener@7bd6c35e, org.springframework.boot.test.autoconfigure.web.servlet.WebDriverTestExecutionListener@564e0a6c, org.springframework.boot.test.autoconfigure.webservices.client.MockWebServiceServerTestExecutionListener@5eabcf77, org.springframework.boot.test.mock.mockito.ResetMocksTestExecutionListener@647468a7]

  .   ____          _            __ _ _
 /\\ / ___'_ __ _ _(_)_ __  __ _ \ \ \ \
( ( )\___ | '_ | '_| | '_ \/ _` | \ \ \ \
 \\/  ___)| |_)| | | | | || (_| |  ) ) ) )
  '  |____| .__|_| |_|_| |_\__, | / / / /
 =========|_|==============|___/=/_/_/_/
 :: Spring Boot ::                (v2.6.6)

2022-07-02 15:14:47.658  INFO 52137 --- [    Test worker] h.w.r.web.RecipeRestControllerTest       : Starting RecipeRestControllerTest using Java 17.0.2 on MacBook-Air-von-Leon.local with PID 52137 (started by leonkorth in /Users/leonkorth/Documents/Uni/2022_HTW_SoSe_WI/WEBTECH/prog/recipe-management-app)
2022-07-02 15:14:47.658  INFO 52137 --- [    Test worker] h.w.r.web.RecipeRestControllerTest       : No active profile set, falling back to 1 default profile: "default"
2022-07-02 15:14:47.780  INFO 52137 --- [    Test worker] o.s.b.t.m.w.SpringBootMockServletContext : Initializing Spring TestDispatcherServlet ''
2022-07-02 15:14:47.780  INFO 52137 --- [    Test worker] o.s.t.web.servlet.TestDispatcherServlet  : Initializing Servlet ''
2022-07-02 15:14:47.781  INFO 52137 --- [    Test worker] o.s.t.web.servlet.TestDispatcherServlet  : Completed initialization in 1 ms
2022-07-02 15:14:47.785  INFO 52137 --- [    Test worker] h.w.r.web.RecipeRestControllerTest       : Started RecipeRestControllerTest in 0.135 seconds (JVM running for 2.971)
2022-07-02 15:14:47.795  WARN 52137 --- [    Test worker] .w.s.m.s.DefaultHandlerExceptionResolver : Resolved [org.springframework.web.bind.MethodArgumentNotValidException: Validation failed for argument [0] in public htwberlin.webtech.recipemanagementapp.persistence.RecipeEntity htwberlin.webtech.recipemanagementapp.web.RecipeRestController.createRecipe(htwberlin.webtech.recipemanagementapp.persistence.RecipeEntity): [Field error in object 'recipeEntity' on field 'name': rejected value [x]; codes [Size.recipeEntity.name,Size.name,Size.java.lang.String,Size]; arguments [org.springframework.context.support.DefaultMessageSourceResolvable: codes [recipeEntity.name,name]; arguments []; default message [name],30,3]; default message [please provide a name between 3 and 30 characters ]] ]
]]></system-out>
  <system-err><![CDATA[]]></system-err>
</testsuite>
